<?xml version="1.0" encoding="UTF-8"?>
<coverage generated="1621793194384" clover="3.2.0">
  <project timestamp="1621793194384" name="All files">
    <metrics statements="13" coveredstatements="3" conditionals="4" coveredconditionals="0" methods="3" coveredmethods="1" elements="20" coveredelements="4" complexity="0" loc="13" ncloc="13" packages="1" files="3" classes="3"/>
    <file name="App.tsx" path="/var/www/html/Projects/my-app/src/App.tsx">
      <metrics statements="3" coveredstatements="3" conditionals="0" coveredconditionals="0" methods="1" coveredmethods="1"/>
      <line num="5" count="1" type="stmt"/>
      <line num="7" count="1" type="stmt"/>
      <line num="11" count="1" type="stmt"/>
    </file>
    <file name="index.tsx" path="/var/www/html/Projects/my-app/src/index.tsx">
      <metrics statements="2" coveredstatements="0" conditionals="0" coveredconditionals="0" methods="0" coveredmethods="0"/>
      <line num="7" count="0" type="stmt"/>
      <line num="17" count="0" type="stmt"/>
    </file>
    <file name="reportWebVitals.ts" path="/var/www/html/Projects/my-app/src/reportWebVitals.ts">
      <metrics statements="8" coveredstatements="0" conditionals="4" coveredconditionals="0" methods="2" coveredmethods="0"/>
      <line num="3" count="0" type="stmt"/>
      <line num="4" count="0" type="cond" truecount="0" falsecount="4"/>
      <line num="5" count="0" type="stmt"/>
      <line num="6" count="0" type="stmt"/>
      <line num="7" count="0" type="stmt"/>
      <line num="8" count="0" type="stmt"/>
      <line num="9" count="0" type="stmt"/>
      <line num="10" count="0" type="stmt"/>
    </file>
  </project>
</coverage>
